# JRE version: Java(TM) SE Runtime Environment 18.9 (11.0.16+11) (build 11.0.16+11-LTS-199)
# Java VM: Java HotSpot(TM) 64-Bit Server VM 18.9 (11.0.16+11-LTS-199, mixed mode, tiered, compressed oops, g1 gc, windows-amd64)
Heap:
 garbage-first heap   total 129024K, used 22902K [0x0000000080000000, 0x0000000100000000)
  region size 1024K, 8 young (8192K), 7 survivors (7168K)
 Metaspace       used 34829K, capacity 35657K, committed 35836K, reserved 548864K
  class space    used 4546K, capacity 4872K, committed 4992K, reserved 516096K
GC Heap History (10 events):
Event: 2.535 GC heap before
{Heap before GC invocations=0 (full 0):
 garbage-first heap   total 129024K, used 29696K [0x0000000080000000, 0x0000000100000000)
  region size 1024K, 24 young (24576K), 0 survivors (0K)
 Metaspace       used 9594K, capacity 9775K, committed 10112K, reserved 526336K
  class space    used 995K, capacity 1069K, committed 1152K, reserved 516096K
}
Event: 2.553 GC heap after
{Heap after GC invocations=1 (full 0):
 garbage-first heap   total 129024K, used 9404K [0x0000000080000000, 0x0000000100000000)
  region size 1024K, 3 young (3072K), 3 survivors (3072K)
 Metaspace       used 9594K, capacity 9775K, committed 10112K, reserved 526336K
  class space    used 995K, capacity 1069K, committed 1152K, reserved 516096K
}
Event: 8.207 GC heap before
{Heap before GC invocations=1 (full 0):
 garbage-first heap   total 129024K, used 83132K [0x0000000080000000, 0x0000000100000000)
  region size 1024K, 75 young (76800K), 3 survivors (3072K)
 Metaspace       used 17764K, capacity 18179K, committed 18432K, reserved 532480K
  class space    used 2118K, capacity 2278K, committed 2304K, reserved 516096K
}
Event: 8.255 GC heap after
{Heap after GC invocations=2 (full 0):
 garbage-first heap   total 129024K, used 16533K [0x0000000080000000, 0x0000000100000000)
  region size 1024K, 10 young (10240K), 10 survivors (10240K)
 Metaspace       used 17764K, capacity 18179K, committed 18432K, reserved 532480K
  class space    used 2118K, capacity 2278K, committed 2304K, reserved 516096K
}
Event: 8.975 GC heap before
{Heap before GC invocations=2 (full 0):
 garbage-first heap   total 129024K, used 38037K [0x0000000080000000, 0x0000000100000000)
  region size 1024K, 32 young (32768K), 10 survivors (10240K)
 Metaspace       used 20595K, capacity 21116K, committed 21296K, reserved 536576K
  class space    used 2527K, capacity 2666K, committed 2688K, reserved 516096K
}
Event: 8.986 GC heap after
{Heap after GC invocations=3 (full 0):
 garbage-first heap   total 129024K, used 17512K [0x0000000080000000, 0x0000000100000000)
  region size 1024K, 2 young (2048K), 2 survivors (2048K)
 Metaspace       used 20595K, capacity 21116K, committed 21296K, reserved 536576K
  class space    used 2527K, capacity 2666K, committed 2688K, reserved 516096K
}
Event: 10.488 GC heap before
{Heap before GC invocations=4 (full 0):
 garbage-first heap   total 129024K, used 65640K [0x0000000080000000, 0x0000000100000000)
  region size 1024K, 50 young (51200K), 2 survivors (2048K)
 Metaspace       used 25404K, capacity 25985K, committed 26032K, reserved 538624K
  class space    used 3323K, capacity 3549K, committed 3584K, reserved 516096K
}
Event: 10.492 GC heap after
{Heap after GC invocations=5 (full 0):
 garbage-first heap   total 129024K, used 18993K [0x0000000080000000, 0x0000000100000000)
  region size 1024K, 3 young (3072K), 3 survivors (3072K)
 Metaspace       used 25404K, capacity 25985K, committed 26032K, reserved 538624K
  class space    used 3323K, capacity 3549K, committed 3584K, reserved 516096K
}
Event: 11.977 GC heap before
{Heap before GC invocations=5 (full 0):
 garbage-first heap   total 129024K, used 74289K [0x0000000080000000, 0x0000000100000000)
  region size 1024K, 57 young (58368K), 3 survivors (3072K)
 Metaspace       used 30289K, capacity 31034K, committed 31280K, reserved 544768K
  class space    used 4091K, capacity 4392K, committed 4480K, reserved 516096K
}
Event: 11.982 GC heap after
{Heap after GC invocations=6 (full 0):
 garbage-first heap   total 129024K, used 20480K [0x0000000080000000, 0x0000000100000000)
  region size 1024K, 5 young (5120K), 5 survivors (5120K)
 Metaspace       used 30289K, capacity 31034K, committed 31280K, reserved 544768K
  class space    used 4091K, capacity 4392K, committed 4480K, reserved 516096K
}

