# JRE version: Java(TM) SE Runtime Environment 18.9 (11.0.16+11) (build 11.0.16+11-LTS-199)
# Java VM: Java HotSpot(TM) 64-Bit Server VM 18.9 (11.0.16+11-LTS-199, mixed mode, tiered, compressed oops, g1 gc, windows-amd64)
Heap:
 garbage-first heap   total 129024K, used 51007K [0x0000000080000000, 0x0000000100000000)
  region size 1024K, 35 young (35840K), 3 survivors (3072K)
 Metaspace       used 28532K, capacity 29155K, committed 29360K, reserved 542720K
  class space    used 3798K, capacity 4068K, committed 4096K, reserved 516096K
GC Heap History (8 events):
Event: 2.714 GC heap before
{Heap before GC invocations=0 (full 0):
 garbage-first heap   total 129024K, used 29696K [0x0000000080000000, 0x0000000100000000)
  region size 1024K, 24 young (24576K), 0 survivors (0K)
 Metaspace       used 9609K, capacity 9823K, committed 10112K, reserved 526336K
  class space    used 995K, capacity 1069K, committed 1152K, reserved 516096K
}
Event: 2.756 GC heap after
{Heap after GC invocations=1 (full 0):
 garbage-first heap   total 129024K, used 9404K [0x0000000080000000, 0x0000000100000000)
  region size 1024K, 3 young (3072K), 3 survivors (3072K)
 Metaspace       used 9609K, capacity 9823K, committed 10112K, reserved 526336K
  class space    used 995K, capacity 1069K, committed 1152K, reserved 516096K
}
Event: 9.062 GC heap before
{Heap before GC invocations=1 (full 0):
 garbage-first heap   total 129024K, used 83132K [0x0000000080000000, 0x0000000100000000)
  region size 1024K, 75 young (76800K), 3 survivors (3072K)
 Metaspace       used 17766K, capacity 18172K, committed 18432K, reserved 532480K
  class space    used 2121K, capacity 2282K, committed 2304K, reserved 516096K
}
Event: 9.104 GC heap after
{Heap after GC invocations=2 (full 0):
 garbage-first heap   total 129024K, used 16272K [0x0000000080000000, 0x0000000100000000)
  region size 1024K, 10 young (10240K), 10 survivors (10240K)
 Metaspace       used 17766K, capacity 18172K, committed 18432K, reserved 532480K
  class space    used 2121K, capacity 2282K, committed 2304K, reserved 516096K
}
Event: 9.738 GC heap before
{Heap before GC invocations=2 (full 0):
 garbage-first heap   total 129024K, used 36752K [0x0000000080000000, 0x0000000100000000)
  region size 1024K, 31 young (31744K), 10 survivors (10240K)
 Metaspace       used 20599K, capacity 21100K, committed 21296K, reserved 536576K
  class space    used 2526K, capacity 2666K, committed 2688K, reserved 516096K
}
Event: 9.747 GC heap after
{Heap after GC invocations=3 (full 0):
 garbage-first heap   total 129024K, used 17659K [0x0000000080000000, 0x0000000100000000)
  region size 1024K, 2 young (2048K), 2 survivors (2048K)
 Metaspace       used 20599K, capacity 21100K, committed 21296K, reserved 536576K
  class space    used 2526K, capacity 2666K, committed 2688K, reserved 516096K
}
Event: 11.273 GC heap before
{Heap before GC invocations=4 (full 0):
 garbage-first heap   total 129024K, used 69883K [0x0000000080000000, 0x0000000100000000)
  region size 1024K, 53 young (54272K), 2 survivors (2048K)
 Metaspace       used 25878K, capacity 26502K, committed 26672K, reserved 540672K
  class space    used 3400K, capacity 3628K, committed 3712K, reserved 516096K
}
Event: 11.278 GC heap after
{Heap after GC invocations=5 (full 0):
 garbage-first heap   total 129024K, used 19263K [0x0000000080000000, 0x0000000100000000)
  region size 1024K, 3 young (3072K), 3 survivors (3072K)
 Metaspace       used 25878K, capacity 26502K, committed 26672K, reserved 540672K
  class space    used 3400K, capacity 3628K, committed 3712K, reserved 516096K
}

